Current name: Ella
Setting name to: 'Test'...
    - OK. The name is now: Test
Setting surname to: 'Test'...
    - OK. The surname is now: Test
Setting name to: ''...
    - Failed: Invalid name
    - The name is now: Test
Setting surname to: ''...
    - Failed: Invalid surname
    - The surname is now: Test
Setting name to: 'null'...
    - Failed: Invalid name
    - The name is now: Test
Setting surname to: 'null'...
    - Failed: Invalid surname
    - The surname is now: Test
Setting name to: 'Another test'...
    - OK. The name is now: Another test
Setting surname to: 'Another test'...
    - OK. The surname is now: Another test
Setting name to: 'null'...
    - Failed: Invalid name
    - The name is now: Another test
Setting surname to: 'null'...
    - Failed: Invalid surname
    - The surname is now: Another test
Setting name to: ''...
    - Failed: Invalid name
    - The name is now: Another test
Setting surname to: ''...
    - Failed: Invalid surname
    - The surname is now: Another test
