Class 'Contact' has a public constructor with argument types (String, String, String, String)... 
    -> true
Class 'Contact' implements the public method getName()...
    -> true
Class 'Contact' implements the public method getSurname()...
    -> true
Class 'Contact' implements the public method getPhone()...
    -> true
Class 'Contact' implements the public method getEmail()...
    -> true
Class 'Contact' implements the public method setName(String)...
    -> true
Class 'Contact' implements the public method setSurname(String)...
    -> true
Class 'Contact' implements the public method setPhone(String)...
    -> true
Class 'Contact' implements the public method setEmail(String)...
    -> true
Class 'Contact' only has private fields...
    -> true
