X.........
..........
..M.......
....S.....
..........
..........
..........
..........
.......W..
..........
Row 2, column 2: Brainy (Mindflayer; health: 300)
Row 3, column 4: Toothless (Skeleton; health: 20)
Row 8, column 7: Vileling (wumpus; health: 20)
X.........
..........
..m.......
....s.....
..........
..........
..........
..........
.......w..
..........
Row 2, column 2: Brainy (CURSED Mindflayer; health: 300)
Row 3, column 4: Toothless (CURSED Skeleton; health: 20)
Row 8, column 7: Vileling (CURSED wumpus; health: 20)
..........
..........
.Xm.......
....s.....
..........
..........
..........
..........
.......w..
..........
Row 2, column 2: Brainy (CURSED Mindflayer; health: 300)
Row 3, column 4: Toothless (CURSED Skeleton; health: 20)
Row 8, column 7: Vileling (CURSED wumpus; health: 20)
..........
..........
.Xm.......
....s.....
..........
..........
..........
..........
.......w..
..........
Row 2, column 2: Brainy (CURSED Mindflayer; health: 0)
Row 3, column 4: Toothless (CURSED Skeleton; health: 20)
Row 8, column 7: Vileling (CURSED wumpus; health: 20)
You were eaten by Toothless (CURSED Skeleton; health: 20)
