Playground with non-cursed monsters:
........
..T.....
........
....WXB.
.....D..
........
.......O
..D.....
Row 1, column 2: Raurgoch (thing; health: 30)
Row 3, column 4: Slagstep (wumpus; health: 20)
Row 3, column 6: Krashos (beholder; health: 70)
Row 4, column 5: Despayr (Dragon; health: 1000)
Row 6, column 7: Toxinpest (owlbear; health: 59)
Row 7, column 2: Emberteeth (demogorgon; health: 200)

Playground with cursed monsters:
........
..t.....
........
....wXb.
.....d..
........
.......o
..d.....
Row 1, column 2: Raurgoch (CURSED thing; health: 30)
Row 3, column 4: Slagstep (CURSED wumpus; health: 20)
Row 3, column 6: Krashos (CURSED beholder; health: 70)
Row 4, column 5: Despayr (CURSED Dragon; health: 1000)
Row 6, column 7: Toxinpest (CURSED owlbear; health: 59)
Row 7, column 2: Emberteeth (CURSED demogorgon; health: 200)

Player hits while at row 3, column 5 (damage 6)

Updated playground with cursed monsters:
........
..t.....
........
....wXb.
.....d..
........
.......o
..d.....
Row 1, column 2: Raurgoch (CURSED thing; health: 30)
Row 3, column 4: Slagstep (CURSED wumpus; health: 2)
Row 3, column 6: Krashos (CURSED beholder; health: 52)
Row 4, column 5: Despayr (CURSED Dragon; health: 991)
Row 6, column 7: Toxinpest (CURSED owlbear; health: 59)
Row 7, column 2: Emberteeth (CURSED demogorgon; health: 200)

Player burns while at row 3, column 5 (damage 6)

Updated playground with cursed monsters:
........
..t.....
........
....wXb.
.....d..
........
.......o
..d.....
Row 1, column 2: Raurgoch (CURSED thing; health: 30)
Row 3, column 4: Slagstep (CURSED wumpus; health: 0)
Row 3, column 6: Krashos (CURSED beholder; health: 16)
Row 4, column 5: Despayr (CURSED Dragon; health: 982)
Row 6, column 7: Toxinpest (CURSED owlbear; health: 59)
Row 7, column 2: Emberteeth (CURSED demogorgon; health: 200)

Updated playground with non-cursed monsters:
........
..T.....
........
....WXB.
.....D..
........
.......O
..D.....
Row 1, column 2: Raurgoch (thing; health: 30)
Row 3, column 4: Slagstep (wumpus; health: 0)
Row 3, column 6: Krashos (beholder; health: 16)
Row 4, column 5: Despayr (Dragon; health: 982)
Row 6, column 7: Toxinpest (owlbear; health: 59)
Row 7, column 2: Emberteeth (demogorgon; health: 200)

Player hits while at row 3, column 5 (damage 6)

Updated playground with non-cursed monsters:
........
..T.....
........
....WXB.
.....D..
........
.......O
..D.....
Row 1, column 2: Raurgoch (thing; health: 30)
Row 3, column 4: Slagstep (wumpus; health: 0)
Row 3, column 6: Krashos (beholder; health: 10)
Row 4, column 5: Despayr (Dragon; health: 979)
Row 6, column 7: Toxinpest (owlbear; health: 59)
Row 7, column 2: Emberteeth (demogorgon; health: 200)

Player burns while at row 3, column 5 (damage 6)

Updated playground with non-cursed monsters:
........
..T.....
........
....WXB.
.....D..
........
.......O
..D.....
Row 1, column 2: Raurgoch (thing; health: 30)
Row 3, column 4: Slagstep (wumpus; health: 0)
Row 3, column 6: Krashos (beholder; health: 0)
Row 4, column 5: Despayr (Dragon; health: 976)
Row 6, column 7: Toxinpest (owlbear; health: 59)
Row 7, column 2: Emberteeth (demogorgon; health: 200)
