Creating new ExamGrade with student 's123456' and grade '12'
Setting the student id to 's123456'...
    - OK
    - The ExamGrade object now has: id = 's123456', grade = '12'
Setting the student id to 's654321'...
    - OK
    - The ExamGrade object now has: id = 's654321', grade = '12'
Setting the student id to 's3557732'...
    - Failed! Invalid student id: 's3557732'
    - The ExamGrade object now has: id = 's654321', grade = '12'
Setting the student id to 's368373'...
    - OK
    - The ExamGrade object now has: id = 's368373', grade = '12'
Setting the student id to 's468333'...
    - OK
    - The ExamGrade object now has: id = 's468333', grade = '12'
Setting the student id to 's318373'...
    - OK
    - The ExamGrade object now has: id = 's318373', grade = '12'
Setting the student id to 's552373'...
    - OK
    - The ExamGrade object now has: id = 's552373', grade = '12'
Setting the student id to 's16855'...
    - Failed! Invalid student id: 's16855'
    - The ExamGrade object now has: id = 's552373', grade = '12'
Setting the student id to 'f343686'...
    - Failed! Invalid student id: 'f343686'
    - The ExamGrade object now has: id = 's552373', grade = '12'
Setting the student id to '16855'...
    - Failed! Invalid student id: '16855'
    - The ExamGrade object now has: id = 's552373', grade = '12'
Setting the student id to ''...
    - Failed! Invalid student id: ''
    - The ExamGrade object now has: id = 's552373', grade = '12'
Setting the student id to 'null'...
    - Failed! Invalid student id: 'null'
    - The ExamGrade object now has: id = 's552373', grade = '12'
Setting the student id to 's16 855'...
    - Failed! Invalid student id: 's16 855'
    - The ExamGrade object now has: id = 's552373', grade = '12'
Setting the student id to 's168z55'...
    - Failed! Invalid student id: 's168z55'
    - The ExamGrade object now has: id = 's552373', grade = '12'
