Creating new ExamGrade with student id 's123456' and grade '12'...
    - OK: id = 's123456', grade = '12'
Creating new ExamGrade with student id 's654321' and grade '10'...
    - OK: id = 's654321', grade = '10'
Creating new ExamGrade with student id 's357732' and grade '7'...
    - OK: id = 's357732', grade = '7'
Creating new ExamGrade with student id 's368373' and grade '4'...
    - OK: id = 's368373', grade = '4'
Creating new ExamGrade with student id 's4683337' and grade '02'...
    - Failed! Invalid student id: 's4683337'
Creating new ExamGrade with student id 's318373' and grade '00'...
    - OK: id = 's318373', grade = '00'
Creating new ExamGrade with student id 's552373' and grade '-3'...
    - OK: id = 's552373', grade = '-3'
Creating new ExamGrade with student id 's16855' and grade '12'...
    - Failed! Invalid student id: 's16855'
Creating new ExamGrade with student id 'f343686' and grade '10'...
    - Failed! Invalid student id: 'f343686'
Creating new ExamGrade with student id '16855' and grade '12'...
    - Failed! Invalid student id: '16855'
Creating new ExamGrade with student id '' and grade '10'...
    - Failed! Invalid student id: ''
Creating new ExamGrade with student id 'null' and grade '-3'...
    - Failed! Invalid student id: 'null'
Creating new ExamGrade with student id 's16 855' and grade '12'...
    - Failed! Invalid student id: 's16 855'
Creating new ExamGrade with student id 's168z55' and grade '12'...
    - Failed! Invalid student id: 's168z55'
