Class 'Vehicle' has a public constructor with argument types (String, String)... 
    -> false (the constructor is not public)
Class 'Vehicle' implements the public method getModel()...
    -> true
Class 'Vehicle' implements the public method getRegistrationPlate()...
    -> true
Class 'Vehicle' only has private fields...
    -> true
Class 'Minivan' directly extends class 'Vehicle'...
    -> true
Class 'Minivan' has a public constructor with argument types (String, String, int)... 
    -> true
Class 'Minivan' declares the public field 'seats'... 
    -> true
Class 'Minivan' only has private fields, except:
    public field(s): seats
    -> true
Class 'Minivan' inherits the method getModel()... 
    -> true (intherited from class 'Vehicle')
Class 'Minivan' inherits the method getRegistrationPlate()... 
    -> true (intherited from class 'Vehicle')
Class 'Truck' directly extends class 'Vehicle'...
    -> true
Class 'Truck' has a public constructor with argument types (String, String, double)... 
    -> true
Class 'Truck' declares the public field 'maxLoad'... 
    -> true
Class 'Truck' only has private fields, except:
    public field(s): maxLoad
    -> true
Class 'Truck' inherits the method getModel()... 
    -> true (intherited from class 'Vehicle')
Class 'Truck' inherits the method getRegistrationPlate()... 
    -> true (intherited from class 'Vehicle')
