Class 'Cinema' has a public constructor with argument types (int[])... 
    -> true
Class 'Cinema' implements the public method rows()...
    -> true
Class 'Cinema' implements the public method seatsOnRow(int)...
    -> true
Class 'Cinema' implements the public method seats()...
    -> true
Class 'Cinema' implements the public method rowVacancies(int)...
    -> true
Class 'Cinema' implements the public method vacancies()...
    -> true
Class 'Cinema' implements the public method book(int, int)...
    -> true
Class 'Cinema' implements the public method release(int, int)...
    -> true
Class 'Cinema' implements the public method seatMap()...
    -> true
Class 'Cinema' only has private fields...
    -> true
