Trying to get 5 coffees from all machines...
  - Machine @ DTU building 324 (coffee: 100; chocolate: 100; cash: 0)
    Got 0 coffees
    --> Machine @ DTU building 324 (coffee: 100; chocolate: 100; cash: 0)
  - Machine @ Lyngby Station (coffee: 10; chocolate: 9; cash: 0)
    Got 0 coffees
    --> Machine @ Lyngby Station (coffee: 10; chocolate: 9; cash: 0)
  - Machine @ CPH Airport Gate A10 (coffee: 25; chocolate: 12; cash: 0)
    Got 0 coffees
    --> Machine @ CPH Airport Gate A10 (coffee: 25; chocolate: 12; cash: 0)

Trying to get 6 chocolates from all machines...
  - Machine @ DTU building 324 (coffee: 100; chocolate: 100; cash: 0)
    Got 0 chocolates
    --> Machine @ DTU building 324 (coffee: 100; chocolate: 100; cash: 0)
  - Machine @ Lyngby Station (coffee: 10; chocolate: 9; cash: 0)
    Got 0 chocolates
    --> Machine @ Lyngby Station (coffee: 10; chocolate: 9; cash: 0)
  - Machine @ CPH Airport Gate A10 (coffee: 25; chocolate: 12; cash: 0)
    Got 0 chocolates
    --> Machine @ CPH Airport Gate A10 (coffee: 25; chocolate: 12; cash: 0)

Trying to get 7 Wiener melanges from all machines...
  - Machine @ DTU building 324 (coffee: 100; chocolate: 100; cash: 0)
    Got 0 Wiener melanges
    --> Machine @ DTU building 324 (coffee: 100; chocolate: 100; cash: 0)
  - Machine @ Lyngby Station (coffee: 10; chocolate: 9; cash: 0)
    Got 0 Wiener melanges
    --> Machine @ Lyngby Station (coffee: 10; chocolate: 9; cash: 0)
  - Machine @ CPH Airport Gate A10 (coffee: 25; chocolate: 12; cash: 0)
    Got 0 Wiener melanges
    --> Machine @ CPH Airport Gate A10 (coffee: 25; chocolate: 12; cash: 0)

Putting some cash in all machines...

Trying to get 5 coffees from all machines...
  - Machine @ DTU building 324 (coffee: 100; chocolate: 100; cash: 90)
    Got 5 coffees
    --> Machine @ DTU building 324 (coffee: 95; chocolate: 100; cash: 40)
  - Machine @ Lyngby Station (coffee: 10; chocolate: 9; cash: 210)
    Got 5 coffees
    --> Machine @ Lyngby Station (coffee: 5; chocolate: 9; cash: 160)
  - Machine @ CPH Airport Gate A10 (coffee: 25; chocolate: 12; cash: 350)
    Got 5 coffees
    --> Machine @ CPH Airport Gate A10 (coffee: 20; chocolate: 12; cash: 300)

Trying to get 6 chocolates from all machines...
  - Machine @ DTU building 324 (coffee: 95; chocolate: 100; cash: 40)
    Got 2 chocolates
    --> Machine @ DTU building 324 (coffee: 95; chocolate: 98; cash: 0)
  - Machine @ Lyngby Station (coffee: 5; chocolate: 9; cash: 160)
    Got 6 chocolates
    --> Machine @ Lyngby Station (coffee: 5; chocolate: 3; cash: 40)
  - Machine @ CPH Airport Gate A10 (coffee: 20; chocolate: 12; cash: 300)
    Got 6 chocolates
    --> Machine @ CPH Airport Gate A10 (coffee: 20; chocolate: 6; cash: 180)

Trying to get 7 Wiener melanges from all machines...
  - Machine @ DTU building 324 (coffee: 95; chocolate: 98; cash: 0)
    Got 0 Wiener melanges
    --> Machine @ DTU building 324 (coffee: 95; chocolate: 98; cash: 0)
  - Machine @ Lyngby Station (coffee: 5; chocolate: 3; cash: 40)
    Got 1 Wiener melanges
    --> Machine @ Lyngby Station (coffee: 4; chocolate: 2; cash: 10)
  - Machine @ CPH Airport Gate A10 (coffee: 20; chocolate: 6; cash: 180)
    Got 6 Wiener melanges
    --> Machine @ CPH Airport Gate A10 (coffee: 14; chocolate: 0; cash: 0)

Trying to get cash from all machines...
  - Machine @ DTU building 324 (coffee: 95; chocolate: 98; cash: 0): 0
  - Machine @ Lyngby Station (coffee: 4; chocolate: 2; cash: 10): 10
    --> Machine @ Lyngby Station (coffee: 4; chocolate: 2; cash: 0)
  - Machine @ CPH Airport Gate A10 (coffee: 14; chocolate: 0; cash: 0): 0

Trying to get 5 coffees from all machines...
  - Machine @ DTU building 324 (coffee: 95; chocolate: 98; cash: 0)
    Got 0 coffees
    --> Machine @ DTU building 324 (coffee: 95; chocolate: 98; cash: 0)
  - Machine @ Lyngby Station (coffee: 4; chocolate: 2; cash: 0)
    Got 0 coffees
    --> Machine @ Lyngby Station (coffee: 4; chocolate: 2; cash: 0)
  - Machine @ CPH Airport Gate A10 (coffee: 14; chocolate: 0; cash: 0)
    Got 0 coffees
    --> Machine @ CPH Airport Gate A10 (coffee: 14; chocolate: 0; cash: 0)

Trying to get 6 chocolates from all machines...
  - Machine @ DTU building 324 (coffee: 95; chocolate: 98; cash: 0)
    Got 0 chocolates
    --> Machine @ DTU building 324 (coffee: 95; chocolate: 98; cash: 0)
  - Machine @ Lyngby Station (coffee: 4; chocolate: 2; cash: 0)
    Got 0 chocolates
    --> Machine @ Lyngby Station (coffee: 4; chocolate: 2; cash: 0)
  - Machine @ CPH Airport Gate A10 (coffee: 14; chocolate: 0; cash: 0)
    Got 0 chocolates
    --> Machine @ CPH Airport Gate A10 (coffee: 14; chocolate: 0; cash: 0)

Trying to get 7 Wiener melanges from all machines...
  - Machine @ DTU building 324 (coffee: 95; chocolate: 98; cash: 0)
    Got 0 Wiener melanges
    --> Machine @ DTU building 324 (coffee: 95; chocolate: 98; cash: 0)
  - Machine @ Lyngby Station (coffee: 4; chocolate: 2; cash: 0)
    Got 0 Wiener melanges
    --> Machine @ Lyngby Station (coffee: 4; chocolate: 2; cash: 0)
  - Machine @ CPH Airport Gate A10 (coffee: 14; chocolate: 0; cash: 0)
    Got 0 Wiener melanges
    --> Machine @ CPH Airport Gate A10 (coffee: 14; chocolate: 0; cash: 0)

