Class 'Pet' has a public constructor with argument types (String, String)... 
    -> true
Class 'Pet' implements the public method getDescription()...
    -> true
Class 'Pet' implements the public method getSound()...
    -> true
Class 'Pet' only has private fields...
    -> true
Class 'Dog' directly extends class 'Pet'...
    -> true
Class 'Dog' has a public constructor with argument types (String)... 
    -> true
Class 'Dog' inherits the method getDescription()... 
    -> true (intherited from class 'Pet')
Class 'Dog' implements the public method getSound()...
    -> true
Class 'Dog' only has private fields...
    -> true
Class 'Greyhound' directly extends class 'Dog'...
    -> true
Class 'Greyhound' has a public constructor with argument types (String)... 
    -> true
Class 'Greyhound' inherits the method getDescription()... 
    -> true (intherited from class 'Pet')
Class 'Greyhound' implements the public method getSound()...
    -> true
Class 'Greyhound' only has private fields...
    -> true
Class 'Chihuahua' directly extends class 'Dog'...
    -> true
Class 'Chihuahua' has a public constructor with argument types (String)... 
    -> true
Class 'Chihuahua' inherits the method getDescription()... 
    -> true (intherited from class 'Pet')
Class 'Chihuahua' implements the public method getSound()...
    -> true
Class 'Chihuahua' only has private fields...
    -> true
Class 'Cat' directly extends class 'Pet'...
    -> true
Class 'Cat' has a public constructor with argument types (String)... 
    -> true
Class 'Cat' inherits the method getDescription()... 
    -> true (intherited from class 'Pet')
Class 'Cat' implements the public method getSound()...
    -> true
Class 'Cat' only has private fields...
    -> true
Class 'NorwegianForestCat' directly extends class 'Cat'...
    -> true
Class 'NorwegianForestCat' has a public constructor with argument types (String)... 
    -> true
Class 'NorwegianForestCat' inherits the method getDescription()... 
    -> true (intherited from class 'Pet')
Class 'NorwegianForestCat' implements the public method getSound()...
    -> true
Class 'NorwegianForestCat' only has private fields...
    -> true
Class 'Frog' directly extends class 'Pet'...
    -> true
Class 'Frog' has a public constructor with argument types (String)... 
    -> true
Class 'Frog' inherits the method getDescription()... 
    -> true (intherited from class 'Pet')
Class 'Frog' implements the public method getSound()...
    -> true
Class 'Frog' only has private fields...
    -> true
Class 'HornedFrog' directly extends class 'Frog'...
    -> true
Class 'HornedFrog' has a public constructor with argument types (String)... 
    -> true
Class 'HornedFrog' inherits the method getDescription()... 
    -> true (intherited from class 'Pet')
Class 'HornedFrog' implements the public method getSound()...
    -> true
Class 'HornedFrog' only has private fields...
    -> true
