Maze of size 12x32:
+--------------------------------+
|# ## ####  # ###    ###  #   ## |
|   ### #######     ## #      #  |
|##   ###   #   # ## # X  # ###  |
|  # ##   #  ###    # #######   #|
| # #  ### ###   #    # #      ##|
|   ## ## ##  #  #  #####  ## # #|
|# ### ####### #  #   # ######   |
|  ###       ## #   # #  ###  # #|
|#  ###     ###     # # #   ## # |
| ###  ## # ####   # # #    #  ##|
| #   ##  #  #   #### ## # ###   |
|## ## #### #    #     #  ## #   |
+--------------------------------+

Saving file: maze11.txt...


Contents of maze11.txt:
- - - - - - - Contents begin here - - - - - - -
# ## ####  # ###    ###  #   ## 
   ### #######     ## #      #  
##   ###   #   # ## # X  # ###  
  # ##   #  ###    # #######   #
 # #  ### ###   #    # #      ##
   ## ## ##  #  #  #####  ## # #
# ### ####### #  #   # ######   
  ###       ## #   # #  ###  # #
#  ###     ###     # # #   ## # 
 ###  ## # ####   # # #    #  ##
 #   ##  #  #   #### ## # ###   
## ## #### #    #     #  ## #   

- - - - - - - - Contents end here - - - - - - -

Reloading the file 'maze11.txt'...
