'Expression' is an interface
    -> true
'Constant' directly implements/extends interface 'Expression'...
    -> true
Class 'Constant' has a public constructor with argument types (double)... 
    -> true
Class 'Constant' only has private fields...
    -> true
'BinaryOperation' directly implements/extends interface 'Expression'...
    -> true
Class 'BinaryOperation' is an abstract class
    -> true
Class 'Addition' directly extends class 'BinaryOperation'...
    -> true
Class 'Addition' has a public constructor with argument types (Expression, Expression)... 
    -> true
Class 'Addition' only has private fields...
    -> true
Class 'Subtraction' directly extends class 'BinaryOperation'...
    -> true
Class 'Subtraction' has a public constructor with argument types (Expression, Expression)... 
    -> true
Class 'Subtraction' only has private fields...
    -> true
Class 'Multiplication' directly extends class 'BinaryOperation'...
    -> true
Class 'Multiplication' has a public constructor with argument types (Expression, Expression)... 
    -> true
Class 'Multiplication' only has private fields...
    -> true
Class 'Division' directly extends class 'BinaryOperation'...
    -> true
Class 'Division' has a public constructor with argument types (Expression, Expression)... 
    -> true
Class 'Division' only has private fields...
    -> true
