Board:
......
..RB..
......
......
....R.
......

Moving rook from (1,3) to (1,0)... Failed!
The board is now:
......
..RB..
......
......
....R.
......

Moving rook from (1,2) to (0,1)... Failed!
The board is now:
......
..RB..
......
......
....R.
......

Moving rook from (1,2) to (1,-3)... Failed!
The board is now:
......
..RB..
......
......
....R.
......

Moving rook from (1,2) to (6,2)... Failed!
The board is now:
......
..RB..
......
......
....R.
......

Moving rook from (1,2) to (5,2)... OK.
The board is now:
......
...B..
......
......
....R.
..R...
