Board:
.....
..RB.
.....
.....
..R..

Moving bishop from (2,0) to (3,1)... Failed!
The board is now:
.....
..RB.
.....
.....
..R..

Moving bishop from (1,3) to (1,3)... Failed!
The board is now:
.....
..RB.
.....
.....
..R..

Moving bishop from (1,3) to (0,2)... OK.
The board is now:
..B..
..R..
.....
.....
..R..

Moving bishop from (0,2) to (2,0)... OK.
The board is now:
.....
..R..
B....
.....
..R..

Moving bishop from (2,0) to (4,2)... Failed!
The board is now:
.....
..R..
B....
.....
..R..

Moving bishop from (2,0) to (3,1)... OK.
The board is now:
.....
..R..
.....
.B...
..R..
