Board:
......
..RB..
..R...
......
......
.....B

Moving bishop from (5,5) to (6,6)... Failed!
The board is now:
......
..RB..
..R...
......
......
.....B

Moving bishop from (1,2) to (2,3)... Failed!
The board is now:
......
..RB..
..R...
......
......
.....B

Moving bishop from (1,3) to (-2,0)... Failed!
The board is now:
......
..RB..
..R...
......
......
.....B

Moving bishop from (1,3) to (0,4)... OK.
The board is now:
....B.
..R...
..R...
......
......
.....B

Moving bishop from (0,4) to (4,0)... OK.
The board is now:
......
..R...
..R...
......
B.....
.....B

Moving bishop from (4,0) to (2,2)... Failed!
The board is now:
......
..R...
..R...
......
B.....
.....B
