Creating a particle at (5,6) in an 8x13 grid, direction NW
+-------------+
|             |
|             |
|             |
|             |
|             |
|      *      |
|             |
|             |
+-------------+
Position: (5,6); direction: NW

+-------------+
|             |
|             |
|             |
|             |
|     *       |
|             |
|             |
|             |
+-------------+
Position: (4,5); direction: NW

+-------------+
|             |
|             |
|             |
|    *        |
|             |
|             |
|             |
|             |
+-------------+
Position: (3,4); direction: NW

+-------------+
|             |
|             |
|   *         |
|             |
|             |
|             |
|             |
|             |
+-------------+
Position: (2,3); direction: NW

+-------------+
|             |
|  *          |
|             |
|             |
|             |
|             |
|             |
|             |
+-------------+
Position: (1,2); direction: NW

+-------------+
| *           |
|             |
|             |
|             |
|             |
|             |
|             |
|             |
+-------------+
Position: (0,1); direction: NW

+-------------+
|             |
|*            |
|             |
|             |
|             |
|             |
|             |
|             |
+-------------+
Position: (1,0); direction: SW

+-------------+
|             |
|             |
| *           |
|             |
|             |
|             |
|             |
|             |
+-------------+
Position: (2,1); direction: SE

+-------------+
|             |
|             |
|             |
|  *          |
|             |
|             |
|             |
|             |
+-------------+
Position: (3,2); direction: SE

+-------------+
|             |
|             |
|             |
|             |
|   *         |
|             |
|             |
|             |
+-------------+
Position: (4,3); direction: SE

+-------------+
|             |
|             |
|             |
|             |
|             |
|    *        |
|             |
|             |
+-------------+
Position: (5,4); direction: SE

+-------------+
|             |
|             |
|             |
|             |
|             |
|             |
|     *       |
|             |
+-------------+
Position: (6,5); direction: SE

+-------------+
|             |
|             |
|             |
|             |
|             |
|             |
|             |
|      *      |
+-------------+
Position: (7,6); direction: SE

+-------------+
|             |
|             |
|             |
|             |
|             |
|             |
|       *     |
|             |
+-------------+
Position: (6,7); direction: NE

+-------------+
|             |
|             |
|             |
|             |
|             |
|        *    |
|             |
|             |
+-------------+
Position: (5,8); direction: NE

+-------------+
|             |
|             |
|             |
|             |
|         *   |
|             |
|             |
|             |
+-------------+
Position: (4,9); direction: NE

+-------------+
|             |
|             |
|             |
|          *  |
|             |
|             |
|             |
|             |
+-------------+
Position: (3,10); direction: NE

+-------------+
|             |
|             |
|           * |
|             |
|             |
|             |
|             |
|             |
+-------------+
Position: (2,11); direction: NE

+-------------+
|             |
|            *|
|             |
|             |
|             |
|             |
|             |
|             |
+-------------+
Position: (1,12); direction: NE

+-------------+
|           * |
|             |
|             |
|             |
|             |
|             |
|             |
|             |
+-------------+
Position: (0,11); direction: NW

+-------------+
|             |
|          *  |
|             |
|             |
|             |
|             |
|             |
|             |
+-------------+
Position: (1,10); direction: SW

+-------------+
|             |
|             |
|         *   |
|             |
|             |
|             |
|             |
|             |
+-------------+
Position: (2,9); direction: SW

+-------------+
|             |
|             |
|             |
|        *    |
|             |
|             |
|             |
|             |
+-------------+
Position: (3,8); direction: SW

+-------------+
|             |
|             |
|             |
|             |
|       *     |
|             |
|             |
|             |
+-------------+
Position: (4,7); direction: SW

