'CanTakePictures' directly implements/extends interface 'Device'...
    -> true
'CanPlayMusic' directly implements/extends interface 'Device'...
    -> true
'CanMakeCalls' directly implements/extends interface 'Device'...
    -> true
'Camera' directly implements/extends interface 'Device'...
    -> false
'Camera' directly implements/extends interface 'CanTakePictures'...
    -> true
Class 'Camera' only has private fields...
    -> true
'MusicPlayer' directly implements/extends interface 'Device'...
    -> false
'MusicPlayer' directly implements/extends interface 'CanPlayMusic'...
    -> true
Class 'MusicPlayer' only has private fields...
    -> true
'Featurephone' directly implements/extends interface 'Device'...
    -> false
'Featurephone' directly implements/extends interface 'CanMakeCalls'...
    -> true
Class 'Featurephone' only has private fields...
    -> true
'Smartphone' directly implements/extends interface 'Device'...
    -> false
'Smartphone' directly implements/extends interface 'CanMakeCalls'...
    -> true
'Smartphone' directly implements/extends interface 'CanPlayMusic'...
    -> true
'Smartphone' directly implements/extends interface 'CanTakePictures'...
    -> true
Class 'Smartphone' only has private fields...
    -> true
