Creating new ExamGrade with student 's123456' and grade '12'
Setting the grade to '12'...
    - OK
    - The ExamGrade object now has: id = 's123456', grade = '12'
Setting the grade to '10'...
    - OK
    - The ExamGrade object now has: id = 's123456', grade = '10'
Setting the grade to '7'...
    - OK
    - The ExamGrade object now has: id = 's123456', grade = '7'
Setting the grade to '42'...
    - Failed! Invalid grade: '42'
    - The ExamGrade object now has: id = 's123456', grade = '7'
Setting the grade to '02'...
    - OK
    - The ExamGrade object now has: id = 's123456', grade = '02'
Setting the grade to 'null'...
    - Failed! Invalid grade: 'null'
    - The ExamGrade object now has: id = 's123456', grade = '02'
Setting the grade to '-3'...
    - OK
    - The ExamGrade object now has: id = 's123456', grade = '-3'
Setting the grade to ''...
    - Failed! Invalid grade: ''
    - The ExamGrade object now has: id = 's123456', grade = '-3'
Setting the grade to '11'...
    - Failed! Invalid grade: '11'
    - The ExamGrade object now has: id = 's123456', grade = '-3'
Setting the grade to '1a'...
    - Failed! Invalid grade: '1a'
    - The ExamGrade object now has: id = 's123456', grade = '-3'
Setting the grade to 'b'...
    - Failed! Invalid grade: 'b'
    - The ExamGrade object now has: id = 's123456', grade = '-3'
Setting the grade to '00'...
    - OK
    - The ExamGrade object now has: id = 's123456', grade = '00'
Setting the grade to 'null'...
    - Failed! Invalid grade: 'null'
    - The ExamGrade object now has: id = 's123456', grade = '00'
