Class 'VendingMachine' has a public constructor with argument types (String, int, int)... 
    -> true
Class 'VendingMachine' implements the public method serveCoffee()...
    -> true
Class 'VendingMachine' implements the public method serveChocolate()...
    -> true
Class 'VendingMachine' implements the public method serveWienerMelange()...
    -> true
Class 'VendingMachine' implements the public method putCash(int)...
    -> true
Class 'VendingMachine' implements the public method retrieveCash()...
    -> true
Class 'VendingMachine' implements the public method description()...
    -> true
Class 'VendingMachine' only has private fields...
    -> true
Class 'AdvancedVendingMachine' has a public constructor with argument types (String, int, int)... 
    -> true
Class 'AdvancedVendingMachine' inherits the method serveCoffee()... 
    -> true (intherited from class 'VendingMachine')
Class 'AdvancedVendingMachine' inherits the method serveChocolate()... 
    -> true (intherited from class 'VendingMachine')
Class 'AdvancedVendingMachine' inherits the method serveWienerMelange()... 
    -> true (intherited from class 'VendingMachine')
Class 'AdvancedVendingMachine' inherits the method putCash(int)... 
    -> true (intherited from class 'VendingMachine')
Class 'AdvancedVendingMachine' inherits the method retrieveCash()... 
    -> true (intherited from class 'VendingMachine')
Class 'AdvancedVendingMachine' inherits the method description()... 
    -> true (intherited from class 'VendingMachine')
Class 'AdvancedVendingMachine' implements the public method serveCoffees(int)...
    -> true
Class 'AdvancedVendingMachine' implements the public method serveChocolates(int)...
    -> true
Class 'AdvancedVendingMachine' implements the public method serveWienerMelanges(int)...
    -> true
Class 'AdvancedVendingMachine' only has private fields...
    -> true
