Class 'Monster' has a public constructor with argument types (String, String, int, double, double)... 
    -> true
Class 'Monster' implements the public method getSymbol()...
    -> true
Class 'Wumpus' directly extends class 'Monster'...
    -> true
Class 'Wumpus' has a public constructor with argument types (String)... 
    -> true
Class 'Wumpus' only has private fields...
    -> true
Class 'Owlbear' directly extends class 'Monster'...
    -> true
Class 'Owlbear' has a public constructor with argument types (String)... 
    -> true
Class 'Owlbear' only has private fields...
    -> true
Class 'Demogorgon' directly extends class 'Monster'...
    -> true
Class 'Demogorgon' has a public constructor with argument types (String)... 
    -> true
Class 'Demogorgon' only has private fields...
    -> true
Class 'Thing' directly extends class 'Monster'...
    -> true
Class 'Thing' has a public constructor with argument types (String)... 
    -> true
Class 'Thing' only has private fields...
    -> true
