Loading the file 'maze07.txt'...
+---------------------------------------------------+
|                  ### ### ### ###                  |
|              ###                 ###              |
|          ###                         ###          |
|       ###                               ###       |
|     ###                                   ###     |
|   ###                                       ###   |
|  ###           ###             ###           ###  |
| ###            ###             ###            ### |
|###                                             ###|
|###                                             ###|
|###                                             ###|
|###                      X                      ###|
|###                                             ###|
| ###          #                     #          ### |
|  ###          ##                 ##          ###  |
|   ###           #################           ###   |
|     ###           #############           ###     |
|       ##                                ###       |
|          ###                         ###          |
|              ###                 ###              |
|                  ### ### ### ###                  |
+---------------------------------------------------+
