Maze of size 2x1:
+-+
| |
| |
+-+

Maze of size 2x4:
+----+
|    |
|    |
+----+

Maze of size 2x7:
+-------+
|       |
|       |
+-------+

Maze of size 4x1:
+-+
| |
| |
| |
| |
+-+

Maze of size 4x4:
+----+
|    |
|    |
|    |
|    |
+----+

Maze of size 4x7:
+-------+
|       |
|       |
|       |
|       |
+-------+

Maze of size 6x1:
+-+
| |
| |
| |
| |
| |
| |
+-+

Maze of size 6x4:
+----+
|    |
|    |
|    |
|    |
|    |
|    |
+----+

Maze of size 6x7:
+-------+
|       |
|       |
|       |
|       |
|       |
|       |
+-------+

