Maze of size 12x32:
+--------------------------------+
| ##  # # # ##### # ##    # #### |
|#     ### #   # ### #  ##  #    |
|# # # ### #  #    # # #    ##  #|
|# # # #  ###  ### #   #  ###    |
|##     # #  #### ###  ## ## # ##|
|  ## #  ### ##    #  ###   # # #|
| #  # ## #    #     # ##     # #|
|    #    ####  #      # # ## # #|
|    ## #X    # # # ##     # # # |
|# #   ## ##  #  ## ### # #######|
|#  ##  ##    # ########  # #   #|
| ####### ##   # #   # ######### |
+--------------------------------+

Saving file: maze10.txt...


Contents of maze10.txt:
- - - - - - - Contents begin here - - - - - - -
12,32
 ##  # # # ##### # ##    # #### 
#     ### #   # ### #  ##  #    
# # # ### #  #    # # #    ##  #
# # # #  ###  ### #   #  ###    
##     # #  #### ###  ## ## # ##
  ## #  ### ##    #  ###   # # #
 #  # ## #    #     # ##     # #
    #    ####  #      # # ## # #
    ## #X    # # # ##     # # # 
# #   ## ##  #  ## ### # #######
#  ##  ##    # ########  # #   #
 ####### ##   # #   # ######### 
- - - - - - - - Contents end here - - - - - - -
