Maze of size 2x1:
+-+
| |
|X|
+-+

Maze of size 2x4:
+----+
| ###|
|# #X|
+----+

Maze of size 2x7:
+-------+
| #  ## |
|## ##X |
+-------+

Maze of size 4x1:
+-+
|#|
| |
|#|
|X|
+-+

Maze of size 4x4:
+----+
|# ##|
|# # |
| X  |
|  # |
+----+

Maze of size 4x7:
+-------+
| #  #  |
|# # #X |
|    ###|
|  ## ##|
+-------+

Maze of size 6x1:
+-+
|X|
| |
|#|
| |
|#|
|#|
+-+

Maze of size 6x4:
+----+
|### |
| # #|
|## X|
|    |
|## #|
|   #|
+----+

Maze of size 6x7:
+-------+
|### ## |
| ###  X|
|### #  |
| #     |
|    ###|
|  #   #|
+-------+

